<?xml version="1.0" encoding="UTF-8"?>
<!-- Generated by org.testng.reporters.JUnitXMLReporter -->
<testsuite ignored="0" hostname="DESKTOP-VQ5TAFB" failures="3" tests="85" name="Default test" time="0.754" errors="0" timestamp="2021-10-21T17:53:17 ART">
  <testcase classname="tudai.testng.test.ProgramaTest" name="addMuchasProgramaciones" time="0.008"/>
  <testcase classname="tudai.testng.test.ProgramaTest" name="addProgramacion" time="0.006"/>
  <testcase classname="tudai.testng.test.ProgramaTest" name="eliminarProgramaciones" time="0.002"/>
  <testcase classname="tudai.testng.test.ProgramaTest" name="fTestProvider" time="0.002"/>
  <testcase classname="tudai.testng.test.ProgramaTest" name="fTestProvider" time="0.008"/>
  <testcase classname="tudai.testng.test.ProgramaTest" name="getCantOcurrencias" time="0.006"/>
  <testcase classname="tudai.testng.test.ProgramaTest" name="getCantProgramaciones" time="0.002"/>
  <testcase classname="tudai.testng.test.ProgramaTest" name="getCantTareasEntre" time="0.006">
    <failure type="java.lang.RuntimeException" message="Test not implemented">
      <![CDATA[java.lang.RuntimeException: Test not implemented
at tudai.testng.test.ProgramaTest.getCantTareasEntre(ProgramaTest.java:105)
at java.base/jdk.internal.reflect.NativeMethodAccessorImpl.invoke0(Native Method)
at java.base/jdk.internal.reflect.NativeMethodAccessorImpl.invoke(NativeMethodAccessorImpl.java:78)
at java.base/jdk.internal.reflect.DelegatingMethodAccessorImpl.invoke(DelegatingMethodAccessorImpl.java:43)
at java.base/java.lang.reflect.Method.invoke(Method.java:567)
at org.testng.internal.MethodInvocationHelper.invokeMethod(MethodInvocationHelper.java:133)
at org.testng.internal.TestInvoker.invokeMethod(TestInvoker.java:598)
at org.testng.internal.TestInvoker.invokeTestMethod(TestInvoker.java:173)
at org.testng.internal.MethodRunner.runInSequence(MethodRunner.java:46)
at org.testng.internal.TestInvoker$MethodInvocationAgent.invoke(TestInvoker.java:824)
at org.testng.internal.TestInvoker.invokeTestMethods(TestInvoker.java:146)
at org.testng.internal.TestMethodWorker.invokeTestMethods(TestMethodWorker.java:146)
at org.testng.internal.TestMethodWorker.run(TestMethodWorker.java:128)
at java.base/java.util.ArrayList.forEach(ArrayList.java:1511)
at org.testng.TestRunner.privateRun(TestRunner.java:794)
at org.testng.TestRunner.run(TestRunner.java:596)
at org.testng.SuiteRunner.runTest(SuiteRunner.java:377)
at org.testng.SuiteRunner.runSequentially(SuiteRunner.java:371)
at org.testng.SuiteRunner.privateRun(SuiteRunner.java:332)
at org.testng.SuiteRunner.run(SuiteRunner.java:276)
at org.testng.SuiteRunnerWorker.runSuite(SuiteRunnerWorker.java:53)
at org.testng.SuiteRunnerWorker.run(SuiteRunnerWorker.java:96)
at org.testng.TestNG.runSuitesSequentially(TestNG.java:1212)
at org.testng.TestNG.runSuitesLocally(TestNG.java:1134)
at org.testng.TestNG.runSuites(TestNG.java:1063)
at org.testng.TestNG.run(TestNG.java:1031)
at org.testng.remote.AbstractRemoteTestNG.run(AbstractRemoteTestNG.java:115)
at org.testng.remote.RemoteTestNG.initAndRun(RemoteTestNG.java:251)
at org.testng.remote.RemoteTestNG.main(RemoteTestNG.java:77)
]]>
    </failure>
  </testcase> <!-- getCantTareasEntre -->
  <testcase classname="tudai.testng.test.ProgramaTest" name="programaVacio" time="0.001">
    <failure type="java.lang.RuntimeException" message="Test not implemented">
      <![CDATA[java.lang.RuntimeException: Test not implemented
at tudai.testng.test.ProgramaTest.programaVacio(ProgramaTest.java:110)
at java.base/jdk.internal.reflect.NativeMethodAccessorImpl.invoke0(Native Method)
at java.base/jdk.internal.reflect.NativeMethodAccessorImpl.invoke(NativeMethodAccessorImpl.java:78)
at java.base/jdk.internal.reflect.DelegatingMethodAccessorImpl.invoke(DelegatingMethodAccessorImpl.java:43)
at java.base/java.lang.reflect.Method.invoke(Method.java:567)
at org.testng.internal.MethodInvocationHelper.invokeMethod(MethodInvocationHelper.java:133)
at org.testng.internal.TestInvoker.invokeMethod(TestInvoker.java:598)
at org.testng.internal.TestInvoker.invokeTestMethod(TestInvoker.java:173)
at org.testng.internal.MethodRunner.runInSequence(MethodRunner.java:46)
at org.testng.internal.TestInvoker$MethodInvocationAgent.invoke(TestInvoker.java:824)
at org.testng.internal.TestInvoker.invokeTestMethods(TestInvoker.java:146)
at org.testng.internal.TestMethodWorker.invokeTestMethods(TestMethodWorker.java:146)
at org.testng.internal.TestMethodWorker.run(TestMethodWorker.java:128)
at java.base/java.util.ArrayList.forEach(ArrayList.java:1511)
at org.testng.TestRunner.privateRun(TestRunner.java:794)
at org.testng.TestRunner.run(TestRunner.java:596)
at org.testng.SuiteRunner.runTest(SuiteRunner.java:377)
at org.testng.SuiteRunner.runSequentially(SuiteRunner.java:371)
at org.testng.SuiteRunner.privateRun(SuiteRunner.java:332)
at org.testng.SuiteRunner.run(SuiteRunner.java:276)
at org.testng.SuiteRunnerWorker.runSuite(SuiteRunnerWorker.java:53)
at org.testng.SuiteRunnerWorker.run(SuiteRunnerWorker.java:96)
at org.testng.TestNG.runSuitesSequentially(TestNG.java:1212)
at org.testng.TestNG.runSuitesLocally(TestNG.java:1134)
at org.testng.TestNG.runSuites(TestNG.java:1063)
at org.testng.TestNG.run(TestNG.java:1031)
at org.testng.remote.AbstractRemoteTestNG.run(AbstractRemoteTestNG.java:115)
at org.testng.remote.RemoteTestNG.initAndRun(RemoteTestNG.java:251)
at org.testng.remote.RemoteTestNG.main(RemoteTestNG.java:77)
]]>
    </failure>
  </testcase> <!-- programaVacio -->
  <testcase classname="tudai.testng.test.ProgramaTest" name="removeProgramacion" time="0.003">
    <failure type="java.lang.RuntimeException" message="Test not implemented">
      <![CDATA[java.lang.RuntimeException: Test not implemented
at tudai.testng.test.ProgramaTest.removeProgramacion(ProgramaTest.java:116)
at java.base/jdk.internal.reflect.NativeMethodAccessorImpl.invoke0(Native Method)
at java.base/jdk.internal.reflect.NativeMethodAccessorImpl.invoke(NativeMethodAccessorImpl.java:78)
at java.base/jdk.internal.reflect.DelegatingMethodAccessorImpl.invoke(DelegatingMethodAccessorImpl.java:43)
at java.base/java.lang.reflect.Method.invoke(Method.java:567)
at org.testng.internal.MethodInvocationHelper.invokeMethod(MethodInvocationHelper.java:133)
at org.testng.internal.TestInvoker.invokeMethod(TestInvoker.java:598)
at org.testng.internal.TestInvoker.invokeTestMethod(TestInvoker.java:173)
at org.testng.internal.MethodRunner.runInSequence(MethodRunner.java:46)
at org.testng.internal.TestInvoker$MethodInvocationAgent.invoke(TestInvoker.java:824)
at org.testng.internal.TestInvoker.invokeTestMethods(TestInvoker.java:146)
at org.testng.internal.TestMethodWorker.invokeTestMethods(TestMethodWorker.java:146)
at org.testng.internal.TestMethodWorker.run(TestMethodWorker.java:128)
at java.base/java.util.ArrayList.forEach(ArrayList.java:1511)
at org.testng.TestRunner.privateRun(TestRunner.java:794)
at org.testng.TestRunner.run(TestRunner.java:596)
at org.testng.SuiteRunner.runTest(SuiteRunner.java:377)
at org.testng.SuiteRunner.runSequentially(SuiteRunner.java:371)
at org.testng.SuiteRunner.privateRun(SuiteRunner.java:332)
at org.testng.SuiteRunner.run(SuiteRunner.java:276)
at org.testng.SuiteRunnerWorker.runSuite(SuiteRunnerWorker.java:53)
at org.testng.SuiteRunnerWorker.run(SuiteRunnerWorker.java:96)
at org.testng.TestNG.runSuitesSequentially(TestNG.java:1212)
at org.testng.TestNG.runSuitesLocally(TestNG.java:1134)
at org.testng.TestNG.runSuites(TestNG.java:1063)
at org.testng.TestNG.run(TestNG.java:1031)
at org.testng.remote.AbstractRemoteTestNG.run(AbstractRemoteTestNG.java:115)
at org.testng.remote.RemoteTestNG.initAndRun(RemoteTestNG.java:251)
at org.testng.remote.RemoteTestNG.main(RemoteTestNG.java:77)
]]>
    </failure>
  </testcase> <!-- removeProgramacion -->
  <testcase classname="tudai.testng.test.ProgramaTest" name="testTareeas" time="0.002"/>
  <testcase classname="tudai.testng.test.ProgramaTest" name="testTareeas" time="0.002"/>
  <testcase classname="tudai.testng.test.ProgramaTest" name="testTareeas" time="0.002"/>
  <testcase classname="tudai.testng.test.ProgramaTest" name="testTareeas" time="0.002"/>
  <testcase classname="tudai.testng.test.ProgramaTest" name="testTareeas" time="0.004"/>
  <testcase classname="tudai.testng.test.ProgramaTest" name="testTareeas" time="0.002"/>
  <testcase classname="tudai.testng.test.ProgramaTest" name="testTareeas" time="0.003"/>
  <testcase classname="tudai.testng.test.ProgramaTest" name="testTareeas" time="0.001"/>
  <testcase classname="tudai.testng.test.ProgramaTest" name="testTareeas" time="0.006"/>
  <testcase classname="tudai.testng.test.ProgramaTest" name="testTareeas" time="0.001"/>
  <testcase classname="tudai.testng.test.ProgramaTest" name="testTareeas" time="0.002"/>
  <testcase classname="tudai.testng.test.ProgramaTest" name="testTareeas" time="0.003"/>
  <testcase classname="tudai.testng.test.ProgramaTest" name="testTareeas" time="0.003"/>
  <testcase classname="tudai.testng.test.ProgramaTest" name="testTareeas" time="0.005"/>
  <testcase classname="tudai.testng.test.ProgramaTest" name="testTareeas" time="0.001"/>
  <testcase classname="tudai.testng.test.ProgramaTest" name="testTareeas" time="0.004"/>
  <testcase classname="tudai.testng.test.ProgramaTest" name="testTareeas" time="0.002"/>
  <testcase classname="tudai.testng.test.ProgramaTest" name="testTareeas" time="0.002"/>
  <testcase classname="tudai.testng.test.ProgramaTest" name="testTareeas" time="0.001"/>
  <testcase classname="tudai.testng.test.ProgramaTest" name="testTareeas" time="0.001"/>
  <testcase classname="tudai.testng.test.ProgramaTest" name="testTareeas" time="0.001"/>
  <testcase classname="tudai.testng.test.ProgramaTest" name="testTareeas" time="0.002"/>
  <testcase classname="tudai.testng.test.ProgramaTest" name="testTareeas" time="0.001"/>
  <testcase classname="tudai.testng.test.ProgramaTest" name="testTareeas" time="0.005"/>
  <testcase classname="tudai.testng.test.ProgramaTest" name="testTareeas" time="0.001"/>
  <testcase classname="tudai.testng.test.ProgramaTest" name="testTareeas" time="0.001"/>
  <testcase classname="tudai.testng.test.ProgramaTest" name="testTareeas" time="0.004"/>
  <testcase classname="tudai.testng.test.ProgramaTest" name="testTareeas" time="0.001"/>
  <testcase classname="tudai.testng.test.ProgramaTest" name="testTareeas" time="0.004"/>
  <testcase classname="tudai.testng.test.ProgramaTest" name="testTareeas" time="0.006"/>
  <testcase classname="tudai.testng.test.ProgramaTest" name="testTareeas" time="0.003"/>
  <testcase classname="tudai.testng.test.ProgramaTest" name="testTareeas" time="0.002"/>
  <testcase classname="tudai.testng.test.ProgramaTest" name="testTareeas" time="0.006"/>
  <testcase classname="tudai.testng.test.ProgramaTest" name="testTareeas" time="0.001"/>
  <testcase classname="tudai.testng.test.ProgramaTest" name="testTareeas" time="0.001"/>
  <testcase classname="tudai.testng.test.ProgramaTest" name="testTareeas" time="0.004"/>
  <testcase classname="tudai.testng.test.ProgramaTest" name="testTareeas" time="0.005"/>
  <testcase classname="tudai.testng.test.ProgramaTest" name="testTareeas" time="0.002"/>
  <testcase classname="tudai.testng.test.ProgramaTest" name="testTareeas" time="0.001"/>
  <testcase classname="tudai.testng.test.ProgramaTest" name="testTareeas" time="0.002"/>
  <testcase classname="tudai.testng.test.ProgramaTest" name="testUsr" time="0.004"/>
  <testcase classname="tudai.testng.test.ProgramaTest" name="testUsr" time="0.005"/>
  <testcase classname="tudai.testng.test.ProgramaTest" name="testUsr" time="0.001"/>
  <testcase classname="tudai.testng.test.ProgramaTest" name="testUsr" time="0.006"/>
  <testcase classname="tudai.testng.test.ProgramaTest" name="testUsr" time="0.002"/>
  <testcase classname="tudai.testng.test.ProgramaTest" name="testUsr" time="0.005"/>
  <testcase classname="tudai.testng.test.ProgramaTest" name="testUsr" time="0.001"/>
  <testcase classname="tudai.testng.test.ProgramaTest" name="testUsr" time="0.002"/>
  <testcase classname="tudai.testng.test.ProgramaTest" name="testUsr" time="0.003"/>
  <testcase classname="tudai.testng.test.ProgramaTest" name="testUsr" time="0.001"/>
  <testcase classname="tudai.testng.test.ProgramaTest" name="testUsr" time="0.014"/>
  <testcase classname="tudai.testng.test.ProgramaTest" name="testUsr" time="0.001"/>
  <testcase classname="tudai.testng.test.ProgramaTest" name="testUsr" time="0.006"/>
  <testcase classname="tudai.testng.test.ProgramaTest" name="testUsr" time="0.005"/>
  <testcase classname="tudai.testng.test.ProgramaTest" name="testUsr" time="0.0"/>
  <testcase classname="tudai.testng.test.ProgramaTest" name="testUsr" time="0.002"/>
  <testcase classname="tudai.testng.test.ProgramaTest" name="testUsr" time="0.001"/>
  <testcase classname="tudai.testng.test.ProgramaTest" name="testUsr" time="0.001"/>
  <testcase classname="tudai.testng.test.ProgramaTest" name="testUsr" time="0.001"/>
  <testcase classname="tudai.testng.test.ProgramaTest" name="testUsr" time="0.0"/>
  <testcase classname="tudai.testng.test.ProgramaTest" name="testUsr" time="0.007"/>
  <testcase classname="tudai.testng.test.ProgramaTest" name="testUsr" time="0.001"/>
  <testcase classname="tudai.testng.test.ProgramaTest" name="testUsr" time="0.002"/>
  <testcase classname="tudai.testng.test.ProgramaTest" name="testUsr" time="0.001"/>
  <testcase classname="tudai.testng.test.ProgramaTest" name="testUsr" time="0.001"/>
  <testcase classname="tudai.testng.test.ProgramaTest" name="testUsr" time="0.001"/>
  <testcase classname="tudai.testng.test.ProgramaTest" name="testUsr" time="0.001"/>
  <testcase classname="tudai.testng.test.ProgramaTest" name="testUsr" time="0.001"/>
  <testcase classname="tudai.testng.test.ProgramaTest" name="testUsr" time="0.001"/>
  <testcase classname="tudai.testng.test.ProgramaTest" name="testUsr" time="0.001"/>
  <testcase classname="tudai.testng.test.ProgramaTest" name="testUsr" time="0.001"/>
  <testcase classname="tudai.testng.test.ProgramaTest" name="testUsr" time="0.002"/>
  <testcase classname="tudai.testng.test.ProgramaTest" name="testUsr" time="0.001"/>
  <testcase classname="tudai.testng.test.ProgramaTest" name="testUsr" time="0.001"/>
  <testcase classname="tudai.testng.test.ProgramaTest" name="testUsr" time="0.002"/>
</testsuite> <!-- Default test -->
