<html>
<head>
<title>TestNG:  Default test</title>
<link href="../testng.css" rel="stylesheet" type="text/css" />
<link href="../my-testng.css" rel="stylesheet" type="text/css" />

<style type="text/css">
.log { display: none;} 
.stack-trace { display: none;} 
</style>
<script type="text/javascript">
<!--
function flip(e) {
  current = e.style.display;
  if (current == 'block') {
    e.style.display = 'none';
    return 0;
  }
  else {
    e.style.display = 'block';
    return 1;
  }
}

function toggleBox(szDivId, elem, msg1, msg2)
{
  var res = -1;  if (document.getElementById) {
    res = flip(document.getElementById(szDivId));
  }
  else if (document.all) {
    // this is the way old msie versions work
    res = flip(document.all[szDivId]);
  }
  if(elem) {
    if(res == 0) elem.innerHTML = msg1; else elem.innerHTML = msg2;
  }

}

function toggleAllBoxes() {
  if (document.getElementsByTagName) {
    d = document.getElementsByTagName('div');
    for (i = 0; i < d.length; i++) {
      if (d[i].className == 'log') {
        flip(d[i]);
      }
    }
  }
}

// -->
</script>

</head>
<body>
<h2 align='center'>Default test</h2><table border='1' align="center">
<tr>
<td>Tests passed/Failed/Skipped:</td><td>82/3/0</td>
</tr><tr>
<td>Started on:</td><td>Thu Oct 21 17:53:16 ART 2021</td>
</tr>
<tr><td>Total time:</td><td>0 seconds (754 ms)</td>
</tr><tr>
<td>Included groups:</td><td></td>
</tr><tr>
<td>Excluded groups:</td><td></td>
</tr>
</table><p/>
<small><i>(Hover the method name to see the test class name)</i></small><p/>
<table width='100%' border='1' class='invocation-failed'>
<tr><td colspan='4' align='center'><b>FAILED TESTS</b></td></tr>
<tr><td><b>Test method</b></td>
<td width="30%"><b>Exception</b></td>
<td width="10%"><b>Time (seconds)</b></td>
<td><b>Instance</b></td>
</tr>
<tr>
<td title='tudai.testng.test.ProgramaTest.getCantTareasEntre()'><b>getCantTareasEntre</b><br>Test class: tudai.testng.test.ProgramaTest</td>
<td><div><pre>java.lang.RuntimeException: Test not implemented
	at tudai.testng.test.ProgramaTest.getCantTareasEntre(ProgramaTest.java:105)
	at java.base/jdk.internal.reflect.NativeMethodAccessorImpl.invoke0(Native Method)
	at java.base/jdk.internal.reflect.NativeMethodAccessorImpl.invoke(NativeMethodAccessorImpl.java:78)
	at java.base/jdk.internal.reflect.DelegatingMethodAccessorImpl.invoke(DelegatingMethodAccessorImpl.java:43)
	at java.base/java.lang.reflect.Method.invoke(Method.java:567)
	at org.testng.internal.MethodInvocationHelper.invokeMethod(MethodInvocationHelper.java:133)
	at org.testng.internal.TestInvoker.invokeMethod(TestInvoker.java:598)
	at org.testng.internal.TestInvoker.invokeTestMethod(TestInvoker.java:173)
	at org.testng.internal.MethodRunner.runInSequence(MethodRunner.java:46)
	at org.testng.internal.TestInvoker$MethodInvocationAgent.invoke(TestInvoker.java:824)
	at org.testng.internal.TestInvoker.invokeTestMethods(TestInvoker.java:146)
	at org.testng.internal.TestMethodWorker.invokeTestMethods(TestMethodWorker.java:146)
	at org.testng.internal.TestMethodWorker.run(TestMethodWorker.java:128)
	at java.base/java.util.ArrayList.forEach(ArrayList.java:1511)
	at org.testng.TestRunner.privateRun(TestRunner.java:794)
	at org.testng.TestRunner.run(TestRunner.java:596)
	at org.testng.SuiteRunner.runTest(SuiteRunner.java:377)
	at org.testng.SuiteRunner.runSequentially(SuiteRunner.java:371)
	at org.testng.SuiteRunner.privateRun(SuiteRunner.java:332)
	at org.testng.SuiteRunner.run(SuiteRunner.java:276)
	at org.testng.SuiteRunnerWorker.runSuite(SuiteRunnerWorker.java:53)
	at org.testng.SuiteRunnerWorker.run(SuiteRunnerWorker.java:96)
	at org.testng.TestNG.runSuitesSequentially(TestNG.java:1212)
	at org.testng.TestNG.runSuitesLocally(TestNG.java:1134)
	at org.testng.TestNG.runSuites(TestNG.java:1063)
	at org.testng.TestNG.run(TestNG.java:1031)
	at org.testng.remote.AbstractRemoteTestNG.run(AbstractRemoteTestNG.java:115)
	at org.testng.remote.RemoteTestNG.initAndRun(RemoteTestNG.java:251)
	at org.testng.remote.RemoteTestNG.main(RemoteTestNG.java:77)
</pre></div><a href='#' onClick='toggleBox("stack-trace1082309267", this, "Click to show all stack frames", "Click to hide stack frames")'>Click to show all stack frames</a>
<div class='stack-trace' id='stack-trace1082309267'><pre>java.lang.RuntimeException: Test not implemented
	at tudai.testng.test.ProgramaTest.getCantTareasEntre(ProgramaTest.java:105)
	at java.base/jdk.internal.reflect.NativeMethodAccessorImpl.invoke0(Native Method)
	at java.base/jdk.internal.reflect.NativeMethodAccessorImpl.invoke(NativeMethodAccessorImpl.java:78)
	at java.base/jdk.internal.reflect.DelegatingMethodAccessorImpl.invoke(DelegatingMethodAccessorImpl.java:43)
	at java.base/java.lang.reflect.Method.invoke(Method.java:567)
	at org.testng.internal.MethodInvocationHelper.invokeMethod(MethodInvocationHelper.java:133)
	at org.testng.internal.TestInvoker.invokeMethod(TestInvoker.java:598)
	at org.testng.internal.TestInvoker.invokeTestMethod(TestInvoker.java:173)
	at org.testng.internal.MethodRunner.runInSequence(MethodRunner.java:46)
	at org.testng.internal.TestInvoker$MethodInvocationAgent.invoke(TestInvoker.java:824)
	at org.testng.internal.TestInvoker.invokeTestMethods(TestInvoker.java:146)
	at org.testng.internal.TestMethodWorker.invokeTestMethods(TestMethodWorker.java:146)
	at org.testng.internal.TestMethodWorker.run(TestMethodWorker.java:128)
	at java.base/java.util.ArrayList.forEach(ArrayList.java:1511)
	at org.testng.TestRunner.privateRun(TestRunner.java:794)
	at org.testng.TestRunner.run(TestRunner.java:596)
	at org.testng.SuiteRunner.runTest(SuiteRunner.java:377)
	at org.testng.SuiteRunner.runSequentially(SuiteRunner.java:371)
	at org.testng.SuiteRunner.privateRun(SuiteRunner.java:332)
	at org.testng.SuiteRunner.run(SuiteRunner.java:276)
	at org.testng.SuiteRunnerWorker.runSuite(SuiteRunnerWorker.java:53)
	at org.testng.SuiteRunnerWorker.run(SuiteRunnerWorker.java:96)
	at org.testng.TestNG.runSuitesSequentially(TestNG.java:1212)
	at org.testng.TestNG.runSuitesLocally(TestNG.java:1134)
	at org.testng.TestNG.runSuites(TestNG.java:1063)
	at org.testng.TestNG.run(TestNG.java:1031)
	at org.testng.remote.AbstractRemoteTestNG.run(AbstractRemoteTestNG.java:115)
	at org.testng.remote.RemoteTestNG.initAndRun(RemoteTestNG.java:251)
	at org.testng.remote.RemoteTestNG.main(RemoteTestNG.java:77)
</pre></div></td>
<td>0</td>
<td>tudai.testng.test.ProgramaTest@505fc5a4</td></tr>
<tr>
<td title='tudai.testng.test.ProgramaTest.programaVacio()'><b>programaVacio</b><br>Test class: tudai.testng.test.ProgramaTest</td>
<td><div><pre>java.lang.RuntimeException: Test not implemented
	at tudai.testng.test.ProgramaTest.programaVacio(ProgramaTest.java:110)
	at java.base/jdk.internal.reflect.NativeMethodAccessorImpl.invoke0(Native Method)
	at java.base/jdk.internal.reflect.NativeMethodAccessorImpl.invoke(NativeMethodAccessorImpl.java:78)
	at java.base/jdk.internal.reflect.DelegatingMethodAccessorImpl.invoke(DelegatingMethodAccessorImpl.java:43)
	at java.base/java.lang.reflect.Method.invoke(Method.java:567)
	at org.testng.internal.MethodInvocationHelper.invokeMethod(MethodInvocationHelper.java:133)
	at org.testng.internal.TestInvoker.invokeMethod(TestInvoker.java:598)
	at org.testng.internal.TestInvoker.invokeTestMethod(TestInvoker.java:173)
	at org.testng.internal.MethodRunner.runInSequence(MethodRunner.java:46)
	at org.testng.internal.TestInvoker$MethodInvocationAgent.invoke(TestInvoker.java:824)
	at org.testng.internal.TestInvoker.invokeTestMethods(TestInvoker.java:146)
	at org.testng.internal.TestMethodWorker.invokeTestMethods(TestMethodWorker.java:146)
	at org.testng.internal.TestMethodWorker.run(TestMethodWorker.java:128)
	at java.base/java.util.ArrayList.forEach(ArrayList.java:1511)
	at org.testng.TestRunner.privateRun(TestRunner.java:794)
	at org.testng.TestRunner.run(TestRunner.java:596)
	at org.testng.SuiteRunner.runTest(SuiteRunner.java:377)
	at org.testng.SuiteRunner.runSequentially(SuiteRunner.java:371)
	at org.testng.SuiteRunner.privateRun(SuiteRunner.java:332)
	at org.testng.SuiteRunner.run(SuiteRunner.java:276)
	at org.testng.SuiteRunnerWorker.runSuite(SuiteRunnerWorker.java:53)
	at org.testng.SuiteRunnerWorker.run(SuiteRunnerWorker.java:96)
	at org.testng.TestNG.runSuitesSequentially(TestNG.java:1212)
	at org.testng.TestNG.runSuitesLocally(TestNG.java:1134)
	at org.testng.TestNG.runSuites(TestNG.java:1063)
	at org.testng.TestNG.run(TestNG.java:1031)
	at org.testng.remote.AbstractRemoteTestNG.run(AbstractRemoteTestNG.java:115)
	at org.testng.remote.RemoteTestNG.initAndRun(RemoteTestNG.java:251)
	at org.testng.remote.RemoteTestNG.main(RemoteTestNG.java:77)
</pre></div><a href='#' onClick='toggleBox("stack-trace899543194", this, "Click to show all stack frames", "Click to hide stack frames")'>Click to show all stack frames</a>
<div class='stack-trace' id='stack-trace899543194'><pre>java.lang.RuntimeException: Test not implemented
	at tudai.testng.test.ProgramaTest.programaVacio(ProgramaTest.java:110)
	at java.base/jdk.internal.reflect.NativeMethodAccessorImpl.invoke0(Native Method)
	at java.base/jdk.internal.reflect.NativeMethodAccessorImpl.invoke(NativeMethodAccessorImpl.java:78)
	at java.base/jdk.internal.reflect.DelegatingMethodAccessorImpl.invoke(DelegatingMethodAccessorImpl.java:43)
	at java.base/java.lang.reflect.Method.invoke(Method.java:567)
	at org.testng.internal.MethodInvocationHelper.invokeMethod(MethodInvocationHelper.java:133)
	at org.testng.internal.TestInvoker.invokeMethod(TestInvoker.java:598)
	at org.testng.internal.TestInvoker.invokeTestMethod(TestInvoker.java:173)
	at org.testng.internal.MethodRunner.runInSequence(MethodRunner.java:46)
	at org.testng.internal.TestInvoker$MethodInvocationAgent.invoke(TestInvoker.java:824)
	at org.testng.internal.TestInvoker.invokeTestMethods(TestInvoker.java:146)
	at org.testng.internal.TestMethodWorker.invokeTestMethods(TestMethodWorker.java:146)
	at org.testng.internal.TestMethodWorker.run(TestMethodWorker.java:128)
	at java.base/java.util.ArrayList.forEach(ArrayList.java:1511)
	at org.testng.TestRunner.privateRun(TestRunner.java:794)
	at org.testng.TestRunner.run(TestRunner.java:596)
	at org.testng.SuiteRunner.runTest(SuiteRunner.java:377)
	at org.testng.SuiteRunner.runSequentially(SuiteRunner.java:371)
	at org.testng.SuiteRunner.privateRun(SuiteRunner.java:332)
	at org.testng.SuiteRunner.run(SuiteRunner.java:276)
	at org.testng.SuiteRunnerWorker.runSuite(SuiteRunnerWorker.java:53)
	at org.testng.SuiteRunnerWorker.run(SuiteRunnerWorker.java:96)
	at org.testng.TestNG.runSuitesSequentially(TestNG.java:1212)
	at org.testng.TestNG.runSuitesLocally(TestNG.java:1134)
	at org.testng.TestNG.runSuites(TestNG.java:1063)
	at org.testng.TestNG.run(TestNG.java:1031)
	at org.testng.remote.AbstractRemoteTestNG.run(AbstractRemoteTestNG.java:115)
	at org.testng.remote.RemoteTestNG.initAndRun(RemoteTestNG.java:251)
	at org.testng.remote.RemoteTestNG.main(RemoteTestNG.java:77)
</pre></div></td>
<td>0</td>
<td>tudai.testng.test.ProgramaTest@505fc5a4</td></tr>
<tr>
<td title='tudai.testng.test.ProgramaTest.removeProgramacion()'><b>removeProgramacion</b><br>Test class: tudai.testng.test.ProgramaTest</td>
<td><div><pre>java.lang.RuntimeException: Test not implemented
	at tudai.testng.test.ProgramaTest.removeProgramacion(ProgramaTest.java:116)
	at java.base/jdk.internal.reflect.NativeMethodAccessorImpl.invoke0(Native Method)
	at java.base/jdk.internal.reflect.NativeMethodAccessorImpl.invoke(NativeMethodAccessorImpl.java:78)
	at java.base/jdk.internal.reflect.DelegatingMethodAccessorImpl.invoke(DelegatingMethodAccessorImpl.java:43)
	at java.base/java.lang.reflect.Method.invoke(Method.java:567)
	at org.testng.internal.MethodInvocationHelper.invokeMethod(MethodInvocationHelper.java:133)
	at org.testng.internal.TestInvoker.invokeMethod(TestInvoker.java:598)
	at org.testng.internal.TestInvoker.invokeTestMethod(TestInvoker.java:173)
	at org.testng.internal.MethodRunner.runInSequence(MethodRunner.java:46)
	at org.testng.internal.TestInvoker$MethodInvocationAgent.invoke(TestInvoker.java:824)
	at org.testng.internal.TestInvoker.invokeTestMethods(TestInvoker.java:146)
	at org.testng.internal.TestMethodWorker.invokeTestMethods(TestMethodWorker.java:146)
	at org.testng.internal.TestMethodWorker.run(TestMethodWorker.java:128)
	at java.base/java.util.ArrayList.forEach(ArrayList.java:1511)
	at org.testng.TestRunner.privateRun(TestRunner.java:794)
	at org.testng.TestRunner.run(TestRunner.java:596)
	at org.testng.SuiteRunner.runTest(SuiteRunner.java:377)
	at org.testng.SuiteRunner.runSequentially(SuiteRunner.java:371)
	at org.testng.SuiteRunner.privateRun(SuiteRunner.java:332)
	at org.testng.SuiteRunner.run(SuiteRunner.java:276)
	at org.testng.SuiteRunnerWorker.runSuite(SuiteRunnerWorker.java:53)
	at org.testng.SuiteRunnerWorker.run(SuiteRunnerWorker.java:96)
	at org.testng.TestNG.runSuitesSequentially(TestNG.java:1212)
	at org.testng.TestNG.runSuitesLocally(TestNG.java:1134)
	at org.testng.TestNG.runSuites(TestNG.java:1063)
	at org.testng.TestNG.run(TestNG.java:1031)
	at org.testng.remote.AbstractRemoteTestNG.run(AbstractRemoteTestNG.java:115)
	at org.testng.remote.RemoteTestNG.initAndRun(RemoteTestNG.java:251)
	at org.testng.remote.RemoteTestNG.main(RemoteTestNG.java:77)
</pre></div><a href='#' onClick='toggleBox("stack-trace602423811", this, "Click to show all stack frames", "Click to hide stack frames")'>Click to show all stack frames</a>
<div class='stack-trace' id='stack-trace602423811'><pre>java.lang.RuntimeException: Test not implemented
	at tudai.testng.test.ProgramaTest.removeProgramacion(ProgramaTest.java:116)
	at java.base/jdk.internal.reflect.NativeMethodAccessorImpl.invoke0(Native Method)
	at java.base/jdk.internal.reflect.NativeMethodAccessorImpl.invoke(NativeMethodAccessorImpl.java:78)
	at java.base/jdk.internal.reflect.DelegatingMethodAccessorImpl.invoke(DelegatingMethodAccessorImpl.java:43)
	at java.base/java.lang.reflect.Method.invoke(Method.java:567)
	at org.testng.internal.MethodInvocationHelper.invokeMethod(MethodInvocationHelper.java:133)
	at org.testng.internal.TestInvoker.invokeMethod(TestInvoker.java:598)
	at org.testng.internal.TestInvoker.invokeTestMethod(TestInvoker.java:173)
	at org.testng.internal.MethodRunner.runInSequence(MethodRunner.java:46)
	at org.testng.internal.TestInvoker$MethodInvocationAgent.invoke(TestInvoker.java:824)
	at org.testng.internal.TestInvoker.invokeTestMethods(TestInvoker.java:146)
	at org.testng.internal.TestMethodWorker.invokeTestMethods(TestMethodWorker.java:146)
	at org.testng.internal.TestMethodWorker.run(TestMethodWorker.java:128)
	at java.base/java.util.ArrayList.forEach(ArrayList.java:1511)
	at org.testng.TestRunner.privateRun(TestRunner.java:794)
	at org.testng.TestRunner.run(TestRunner.java:596)
	at org.testng.SuiteRunner.runTest(SuiteRunner.java:377)
	at org.testng.SuiteRunner.runSequentially(SuiteRunner.java:371)
	at org.testng.SuiteRunner.privateRun(SuiteRunner.java:332)
	at org.testng.SuiteRunner.run(SuiteRunner.java:276)
	at org.testng.SuiteRunnerWorker.runSuite(SuiteRunnerWorker.java:53)
	at org.testng.SuiteRunnerWorker.run(SuiteRunnerWorker.java:96)
	at org.testng.TestNG.runSuitesSequentially(TestNG.java:1212)
	at org.testng.TestNG.runSuitesLocally(TestNG.java:1134)
	at org.testng.TestNG.runSuites(TestNG.java:1063)
	at org.testng.TestNG.run(TestNG.java:1031)
	at org.testng.remote.AbstractRemoteTestNG.run(AbstractRemoteTestNG.java:115)
	at org.testng.remote.RemoteTestNG.initAndRun(RemoteTestNG.java:251)
	at org.testng.remote.RemoteTestNG.main(RemoteTestNG.java:77)
</pre></div></td>
<td>0</td>
<td>tudai.testng.test.ProgramaTest@505fc5a4</td></tr>
</table><p>
<table width='100%' border='1' class='invocation-passed'>
<tr><td colspan='4' align='center'><b>PASSED TESTS</b></td></tr>
<tr><td><b>Test method</b></td>
<td width="30%"><b>Exception</b></td>
<td width="10%"><b>Time (seconds)</b></td>
<td><b>Instance</b></td>
</tr>
<tr>
<td title='tudai.testng.test.ProgramaTest.testUsr()'><b>testUsr</b><br>Test class: tudai.testng.test.ProgramaTest<br>Parameters: Pedro</td>
<td></td>
<td>0</td>
<td>tudai.testng.test.ProgramaTest@505fc5a4</td></tr>
<tr>
<td title='tudai.testng.test.ProgramaTest.testTareeas()'><b>testTareeas</b><br>Test class: tudai.testng.test.ProgramaTest<br>Parameters: Tarea18</td>
<td></td>
<td>0</td>
<td>tudai.testng.test.ProgramaTest@505fc5a4</td></tr>
<tr>
<td title='tudai.testng.test.ProgramaTest.testUsr()'><b>testUsr</b><br>Test class: tudai.testng.test.ProgramaTest<br>Parameters: Cecilia</td>
<td></td>
<td>0</td>
<td>tudai.testng.test.ProgramaTest@505fc5a4</td></tr>
<tr>
<td title='tudai.testng.test.ProgramaTest.testTareeas()'><b>testTareeas</b><br>Test class: tudai.testng.test.ProgramaTest<br>Parameters: Tarea3</td>
<td></td>
<td>0</td>
<td>tudai.testng.test.ProgramaTest@505fc5a4</td></tr>
<tr>
<td title='tudai.testng.test.ProgramaTest.testTareeas()'><b>testTareeas</b><br>Test class: tudai.testng.test.ProgramaTest<br>Parameters: Tarea26</td>
<td></td>
<td>0</td>
<td>tudai.testng.test.ProgramaTest@505fc5a4</td></tr>
<tr>
<td title='tudai.testng.test.ProgramaTest.testUsr()'><b>testUsr</b><br>Test class: tudai.testng.test.ProgramaTest<br>Parameters: Maria</td>
<td></td>
<td>0</td>
<td>tudai.testng.test.ProgramaTest@505fc5a4</td></tr>
<tr>
<td title='tudai.testng.test.ProgramaTest.testTareeas()'><b>testTareeas</b><br>Test class: tudai.testng.test.ProgramaTest<br>Parameters: Tarea35</td>
<td></td>
<td>0</td>
<td>tudai.testng.test.ProgramaTest@505fc5a4</td></tr>
<tr>
<td title='tudai.testng.test.ProgramaTest.testUsr()'><b>testUsr</b><br>Test class: tudai.testng.test.ProgramaTest<br>Parameters: Pedro</td>
<td></td>
<td>0</td>
<td>tudai.testng.test.ProgramaTest@505fc5a4</td></tr>
<tr>
<td title='tudai.testng.test.ProgramaTest.testUsr()'><b>testUsr</b><br>Test class: tudai.testng.test.ProgramaTest<br>Parameters: Quique</td>
<td></td>
<td>0</td>
<td>tudai.testng.test.ProgramaTest@505fc5a4</td></tr>
<tr>
<td title='tudai.testng.test.ProgramaTest.testUsr()'><b>testUsr</b><br>Test class: tudai.testng.test.ProgramaTest<br>Parameters: Maria</td>
<td></td>
<td>0</td>
<td>tudai.testng.test.ProgramaTest@505fc5a4</td></tr>
<tr>
<td title='tudai.testng.test.ProgramaTest.testUsr()'><b>testUsr</b><br>Test class: tudai.testng.test.ProgramaTest<br>Parameters: Cecilia</td>
<td></td>
<td>0</td>
<td>tudai.testng.test.ProgramaTest@505fc5a4</td></tr>
<tr>
<td title='tudai.testng.test.ProgramaTest.testUsr()'><b>testUsr</b><br>Test class: tudai.testng.test.ProgramaTest<br>Parameters: Maria</td>
<td></td>
<td>0</td>
<td>tudai.testng.test.ProgramaTest@505fc5a4</td></tr>
<tr>
<td title='tudai.testng.test.ProgramaTest.testUsr()'><b>testUsr</b><br>Test class: tudai.testng.test.ProgramaTest<br>Parameters: Pedro</td>
<td></td>
<td>0</td>
<td>tudai.testng.test.ProgramaTest@505fc5a4</td></tr>
<tr>
<td title='tudai.testng.test.ProgramaTest.testUsr()'><b>testUsr</b><br>Test class: tudai.testng.test.ProgramaTest<br>Parameters: Carlos</td>
<td></td>
<td>0</td>
<td>tudai.testng.test.ProgramaTest@505fc5a4</td></tr>
<tr>
<td title='tudai.testng.test.ProgramaTest.testUsr()'><b>testUsr</b><br>Test class: tudai.testng.test.ProgramaTest<br>Parameters: Jose</td>
<td></td>
<td>0</td>
<td>tudai.testng.test.ProgramaTest@505fc5a4</td></tr>
<tr>
<td title='tudai.testng.test.ProgramaTest.testUsr()'><b>testUsr</b><br>Test class: tudai.testng.test.ProgramaTest<br>Parameters: Cecilia</td>
<td></td>
<td>0</td>
<td>tudai.testng.test.ProgramaTest@505fc5a4</td></tr>
<tr>
<td title='tudai.testng.test.ProgramaTest.testTareeas()'><b>testTareeas</b><br>Test class: tudai.testng.test.ProgramaTest<br>Parameters: Tarea7</td>
<td></td>
<td>0</td>
<td>tudai.testng.test.ProgramaTest@505fc5a4</td></tr>
<tr>
<td title='tudai.testng.test.ProgramaTest.testUsr()'><b>testUsr</b><br>Test class: tudai.testng.test.ProgramaTest<br>Parameters: Juan</td>
<td></td>
<td>0</td>
<td>tudai.testng.test.ProgramaTest@505fc5a4</td></tr>
<tr>
<td title='tudai.testng.test.ProgramaTest.testUsr()'><b>testUsr</b><br>Test class: tudai.testng.test.ProgramaTest<br>Parameters: Pedro</td>
<td></td>
<td>0</td>
<td>tudai.testng.test.ProgramaTest@505fc5a4</td></tr>
<tr>
<td title='tudai.testng.test.ProgramaTest.testTareeas()'><b>testTareeas</b><br>Test class: tudai.testng.test.ProgramaTest<br>Parameters: Tarea8</td>
<td></td>
<td>0</td>
<td>tudai.testng.test.ProgramaTest@505fc5a4</td></tr>
<tr>
<td title='tudai.testng.test.ProgramaTest.testUsr()'><b>testUsr</b><br>Test class: tudai.testng.test.ProgramaTest<br>Parameters: Jose</td>
<td></td>
<td>0</td>
<td>tudai.testng.test.ProgramaTest@505fc5a4</td></tr>
<tr>
<td title='tudai.testng.test.ProgramaTest.testUsr()'><b>testUsr</b><br>Test class: tudai.testng.test.ProgramaTest<br>Parameters: Quique</td>
<td></td>
<td>0</td>
<td>tudai.testng.test.ProgramaTest@505fc5a4</td></tr>
<tr>
<td title='tudai.testng.test.ProgramaTest.testTareeas()'><b>testTareeas</b><br>Test class: tudai.testng.test.ProgramaTest<br>Parameters: Tarea0</td>
<td></td>
<td>0</td>
<td>tudai.testng.test.ProgramaTest@505fc5a4</td></tr>
<tr>
<td title='tudai.testng.test.ProgramaTest.testTareeas()'><b>testTareeas</b><br>Test class: tudai.testng.test.ProgramaTest<br>Parameters: Tarea33</td>
<td></td>
<td>0</td>
<td>tudai.testng.test.ProgramaTest@505fc5a4</td></tr>
<tr>
<td title='tudai.testng.test.ProgramaTest.testTareeas()'><b>testTareeas</b><br>Test class: tudai.testng.test.ProgramaTest<br>Parameters: Tarea34</td>
<td></td>
<td>0</td>
<td>tudai.testng.test.ProgramaTest@505fc5a4</td></tr>
<tr>
<td title='tudai.testng.test.ProgramaTest.testTareeas()'><b>testTareeas</b><br>Test class: tudai.testng.test.ProgramaTest<br>Parameters: Tarea38</td>
<td></td>
<td>0</td>
<td>tudai.testng.test.ProgramaTest@505fc5a4</td></tr>
<tr>
<td title='tudai.testng.test.ProgramaTest.fTestProvider()'><b>fTestProvider</b><br>Test class: tudai.testng.test.ProgramaTest<br>Parameters: 2, b</td>
<td></td>
<td>0</td>
<td>tudai.testng.test.ProgramaTest@505fc5a4</td></tr>
<tr>
<td title='tudai.testng.test.ProgramaTest.testTareeas()'><b>testTareeas</b><br>Test class: tudai.testng.test.ProgramaTest<br>Parameters: Tarea6</td>
<td></td>
<td>0</td>
<td>tudai.testng.test.ProgramaTest@505fc5a4</td></tr>
<tr>
<td title='tudai.testng.test.ProgramaTest.testTareeas()'><b>testTareeas</b><br>Test class: tudai.testng.test.ProgramaTest<br>Parameters: Tarea39</td>
<td></td>
<td>0</td>
<td>tudai.testng.test.ProgramaTest@505fc5a4</td></tr>
<tr>
<td title='tudai.testng.test.ProgramaTest.testTareeas()'><b>testTareeas</b><br>Test class: tudai.testng.test.ProgramaTest<br>Parameters: Tarea5</td>
<td></td>
<td>0</td>
<td>tudai.testng.test.ProgramaTest@505fc5a4</td></tr>
<tr>
<td title='tudai.testng.test.ProgramaTest.testTareeas()'><b>testTareeas</b><br>Test class: tudai.testng.test.ProgramaTest<br>Parameters: Tarea28</td>
<td></td>
<td>0</td>
<td>tudai.testng.test.ProgramaTest@505fc5a4</td></tr>
<tr>
<td title='tudai.testng.test.ProgramaTest.testTareeas()'><b>testTareeas</b><br>Test class: tudai.testng.test.ProgramaTest<br>Parameters: Tarea29</td>
<td></td>
<td>0</td>
<td>tudai.testng.test.ProgramaTest@505fc5a4</td></tr>
<tr>
<td title='tudai.testng.test.ProgramaTest.testTareeas()'><b>testTareeas</b><br>Test class: tudai.testng.test.ProgramaTest<br>Parameters: Tarea30</td>
<td></td>
<td>0</td>
<td>tudai.testng.test.ProgramaTest@505fc5a4</td></tr>
<tr>
<td title='tudai.testng.test.ProgramaTest.testUsr()'><b>testUsr</b><br>Test class: tudai.testng.test.ProgramaTest<br>Parameters: Pedro</td>
<td></td>
<td>0</td>
<td>tudai.testng.test.ProgramaTest@505fc5a4</td></tr>
<tr>
<td title='tudai.testng.test.ProgramaTest.testTareeas()'><b>testTareeas</b><br>Test class: tudai.testng.test.ProgramaTest<br>Parameters: Tarea13</td>
<td></td>
<td>0</td>
<td>tudai.testng.test.ProgramaTest@505fc5a4</td></tr>
<tr>
<td title='tudai.testng.test.ProgramaTest.testUsr()'><b>testUsr</b><br>Test class: tudai.testng.test.ProgramaTest<br>Parameters: Carlos</td>
<td></td>
<td>0</td>
<td>tudai.testng.test.ProgramaTest@505fc5a4</td></tr>
<tr>
<td title='tudai.testng.test.ProgramaTest.eliminarProgramaciones()'><b>eliminarProgramaciones</b><br>Test class: tudai.testng.test.ProgramaTest</td>
<td></td>
<td>0</td>
<td>tudai.testng.test.ProgramaTest@505fc5a4</td></tr>
<tr>
<td title='tudai.testng.test.ProgramaTest.testUsr()'><b>testUsr</b><br>Test class: tudai.testng.test.ProgramaTest<br>Parameters: Quique</td>
<td></td>
<td>0</td>
<td>tudai.testng.test.ProgramaTest@505fc5a4</td></tr>
<tr>
<td title='tudai.testng.test.ProgramaTest.testUsr()'><b>testUsr</b><br>Test class: tudai.testng.test.ProgramaTest<br>Parameters: Quique</td>
<td></td>
<td>0</td>
<td>tudai.testng.test.ProgramaTest@505fc5a4</td></tr>
<tr>
<td title='tudai.testng.test.ProgramaTest.testTareeas()'><b>testTareeas</b><br>Test class: tudai.testng.test.ProgramaTest<br>Parameters: Tarea17</td>
<td></td>
<td>0</td>
<td>tudai.testng.test.ProgramaTest@505fc5a4</td></tr>
<tr>
<td title='tudai.testng.test.ProgramaTest.fTestProvider()'><b>fTestProvider</b><br>Test class: tudai.testng.test.ProgramaTest<br>Parameters: 1, a</td>
<td></td>
<td>0</td>
<td>tudai.testng.test.ProgramaTest@505fc5a4</td></tr>
<tr>
<td title='tudai.testng.test.ProgramaTest.getCantProgramaciones()'><b>getCantProgramaciones</b><br>Test class: tudai.testng.test.ProgramaTest</td>
<td></td>
<td>0</td>
<td>tudai.testng.test.ProgramaTest@505fc5a4</td></tr>
<tr>
<td title='tudai.testng.test.ProgramaTest.testUsr()'><b>testUsr</b><br>Test class: tudai.testng.test.ProgramaTest<br>Parameters: Juan</td>
<td></td>
<td>0</td>
<td>tudai.testng.test.ProgramaTest@505fc5a4</td></tr>
<tr>
<td title='tudai.testng.test.ProgramaTest.testTareeas()'><b>testTareeas</b><br>Test class: tudai.testng.test.ProgramaTest<br>Parameters: Tarea25</td>
<td></td>
<td>0</td>
<td>tudai.testng.test.ProgramaTest@505fc5a4</td></tr>
<tr>
<td title='tudai.testng.test.ProgramaTest.testUsr()'><b>testUsr</b><br>Test class: tudai.testng.test.ProgramaTest<br>Parameters: Maria</td>
<td></td>
<td>0</td>
<td>tudai.testng.test.ProgramaTest@505fc5a4</td></tr>
<tr>
<td title='tudai.testng.test.ProgramaTest.testTareeas()'><b>testTareeas</b><br>Test class: tudai.testng.test.ProgramaTest<br>Parameters: Tarea31</td>
<td></td>
<td>0</td>
<td>tudai.testng.test.ProgramaTest@505fc5a4</td></tr>
<tr>
<td title='tudai.testng.test.ProgramaTest.testUsr()'><b>testUsr</b><br>Test class: tudai.testng.test.ProgramaTest<br>Parameters: Juan</td>
<td></td>
<td>0</td>
<td>tudai.testng.test.ProgramaTest@505fc5a4</td></tr>
<tr>
<td title='tudai.testng.test.ProgramaTest.testTareeas()'><b>testTareeas</b><br>Test class: tudai.testng.test.ProgramaTest<br>Parameters: Tarea1</td>
<td></td>
<td>0</td>
<td>tudai.testng.test.ProgramaTest@505fc5a4</td></tr>
<tr>
<td title='tudai.testng.test.ProgramaTest.testTareeas()'><b>testTareeas</b><br>Test class: tudai.testng.test.ProgramaTest<br>Parameters: Tarea23</td>
<td></td>
<td>0</td>
<td>tudai.testng.test.ProgramaTest@505fc5a4</td></tr>
<tr>
<td title='tudai.testng.test.ProgramaTest.testUsr()'><b>testUsr</b><br>Test class: tudai.testng.test.ProgramaTest<br>Parameters: Juan</td>
<td></td>
<td>0</td>
<td>tudai.testng.test.ProgramaTest@505fc5a4</td></tr>
<tr>
<td title='tudai.testng.test.ProgramaTest.testTareeas()'><b>testTareeas</b><br>Test class: tudai.testng.test.ProgramaTest<br>Parameters: Tarea24</td>
<td></td>
<td>0</td>
<td>tudai.testng.test.ProgramaTest@505fc5a4</td></tr>
<tr>
<td title='tudai.testng.test.ProgramaTest.testTareeas()'><b>testTareeas</b><br>Test class: tudai.testng.test.ProgramaTest<br>Parameters: Tarea2</td>
<td></td>
<td>0</td>
<td>tudai.testng.test.ProgramaTest@505fc5a4</td></tr>
<tr>
<td title='tudai.testng.test.ProgramaTest.testTareeas()'><b>testTareeas</b><br>Test class: tudai.testng.test.ProgramaTest<br>Parameters: Tarea16</td>
<td></td>
<td>0</td>
<td>tudai.testng.test.ProgramaTest@505fc5a4</td></tr>
<tr>
<td title='tudai.testng.test.ProgramaTest.testTareeas()'><b>testTareeas</b><br>Test class: tudai.testng.test.ProgramaTest<br>Parameters: Tarea19</td>
<td></td>
<td>0</td>
<td>tudai.testng.test.ProgramaTest@505fc5a4</td></tr>
<tr>
<td title='tudai.testng.test.ProgramaTest.testTareeas()'><b>testTareeas</b><br>Test class: tudai.testng.test.ProgramaTest<br>Parameters: Tarea22</td>
<td></td>
<td>0</td>
<td>tudai.testng.test.ProgramaTest@505fc5a4</td></tr>
<tr>
<td title='tudai.testng.test.ProgramaTest.testTareeas()'><b>testTareeas</b><br>Test class: tudai.testng.test.ProgramaTest<br>Parameters: Tarea20</td>
<td></td>
<td>0</td>
<td>tudai.testng.test.ProgramaTest@505fc5a4</td></tr>
<tr>
<td title='tudai.testng.test.ProgramaTest.testUsr()'><b>testUsr</b><br>Test class: tudai.testng.test.ProgramaTest<br>Parameters: Jose</td>
<td></td>
<td>0</td>
<td>tudai.testng.test.ProgramaTest@505fc5a4</td></tr>
<tr>
<td title='tudai.testng.test.ProgramaTest.testTareeas()'><b>testTareeas</b><br>Test class: tudai.testng.test.ProgramaTest<br>Parameters: Tarea10</td>
<td></td>
<td>0</td>
<td>tudai.testng.test.ProgramaTest@505fc5a4</td></tr>
<tr>
<td title='tudai.testng.test.ProgramaTest.addMuchasProgramaciones()'><b>addMuchasProgramaciones</b><br>Test class: tudai.testng.test.ProgramaTest<br>Parameters: 10</td>
<td></td>
<td>0</td>
<td>tudai.testng.test.ProgramaTest@505fc5a4</td></tr>
<tr>
<td title='tudai.testng.test.ProgramaTest.testTareeas()'><b>testTareeas</b><br>Test class: tudai.testng.test.ProgramaTest<br>Parameters: Tarea21</td>
<td></td>
<td>0</td>
<td>tudai.testng.test.ProgramaTest@505fc5a4</td></tr>
<tr>
<td title='tudai.testng.test.ProgramaTest.testTareeas()'><b>testTareeas</b><br>Test class: tudai.testng.test.ProgramaTest<br>Parameters: Tarea15</td>
<td></td>
<td>0</td>
<td>tudai.testng.test.ProgramaTest@505fc5a4</td></tr>
<tr>
<td title='tudai.testng.test.ProgramaTest.testTareeas()'><b>testTareeas</b><br>Test class: tudai.testng.test.ProgramaTest<br>Parameters: Tarea12</td>
<td></td>
<td>0</td>
<td>tudai.testng.test.ProgramaTest@505fc5a4</td></tr>
<tr>
<td title='tudai.testng.test.ProgramaTest.testUsr()'><b>testUsr</b><br>Test class: tudai.testng.test.ProgramaTest<br>Parameters: Carlos</td>
<td></td>
<td>0</td>
<td>tudai.testng.test.ProgramaTest@505fc5a4</td></tr>
<tr>
<td title='tudai.testng.test.ProgramaTest.testUsr()'><b>testUsr</b><br>Test class: tudai.testng.test.ProgramaTest<br>Parameters: Carlos</td>
<td></td>
<td>0</td>
<td>tudai.testng.test.ProgramaTest@505fc5a4</td></tr>
<tr>
<td title='tudai.testng.test.ProgramaTest.testTareeas()'><b>testTareeas</b><br>Test class: tudai.testng.test.ProgramaTest<br>Parameters: Tarea14</td>
<td></td>
<td>0</td>
<td>tudai.testng.test.ProgramaTest@505fc5a4</td></tr>
<tr>
<td title='tudai.testng.test.ProgramaTest.testUsr()'><b>testUsr</b><br>Test class: tudai.testng.test.ProgramaTest<br>Parameters: Carlos</td>
<td></td>
<td>0</td>
<td>tudai.testng.test.ProgramaTest@505fc5a4</td></tr>
<tr>
<td title='tudai.testng.test.ProgramaTest.testTareeas()'><b>testTareeas</b><br>Test class: tudai.testng.test.ProgramaTest<br>Parameters: Tarea32</td>
<td></td>
<td>0</td>
<td>tudai.testng.test.ProgramaTest@505fc5a4</td></tr>
<tr>
<td title='tudai.testng.test.ProgramaTest.testUsr()'><b>testUsr</b><br>Test class: tudai.testng.test.ProgramaTest<br>Parameters: Jose</td>
<td></td>
<td>0</td>
<td>tudai.testng.test.ProgramaTest@505fc5a4</td></tr>
<tr>
<td title='tudai.testng.test.ProgramaTest.getCantOcurrencias()'><b>getCantOcurrencias</b><br>Test class: tudai.testng.test.ProgramaTest</td>
<td></td>
<td>0</td>
<td>tudai.testng.test.ProgramaTest@505fc5a4</td></tr>
<tr>
<td title='tudai.testng.test.ProgramaTest.testUsr()'><b>testUsr</b><br>Test class: tudai.testng.test.ProgramaTest<br>Parameters: Juan</td>
<td></td>
<td>0</td>
<td>tudai.testng.test.ProgramaTest@505fc5a4</td></tr>
<tr>
<td title='tudai.testng.test.ProgramaTest.addProgramacion()'><b>addProgramacion</b><br>Test class: tudai.testng.test.ProgramaTest</td>
<td></td>
<td>0</td>
<td>tudai.testng.test.ProgramaTest@505fc5a4</td></tr>
<tr>
<td title='tudai.testng.test.ProgramaTest.testTareeas()'><b>testTareeas</b><br>Test class: tudai.testng.test.ProgramaTest<br>Parameters: Tarea11</td>
<td></td>
<td>0</td>
<td>tudai.testng.test.ProgramaTest@505fc5a4</td></tr>
<tr>
<td title='tudai.testng.test.ProgramaTest.testUsr()'><b>testUsr</b><br>Test class: tudai.testng.test.ProgramaTest<br>Parameters: Cecilia</td>
<td></td>
<td>0</td>
<td>tudai.testng.test.ProgramaTest@505fc5a4</td></tr>
<tr>
<td title='tudai.testng.test.ProgramaTest.testUsr()'><b>testUsr</b><br>Test class: tudai.testng.test.ProgramaTest<br>Parameters: Quique</td>
<td></td>
<td>0</td>
<td>tudai.testng.test.ProgramaTest@505fc5a4</td></tr>
<tr>
<td title='tudai.testng.test.ProgramaTest.testTareeas()'><b>testTareeas</b><br>Test class: tudai.testng.test.ProgramaTest<br>Parameters: Tarea4</td>
<td></td>
<td>0</td>
<td>tudai.testng.test.ProgramaTest@505fc5a4</td></tr>
<tr>
<td title='tudai.testng.test.ProgramaTest.testTareeas()'><b>testTareeas</b><br>Test class: tudai.testng.test.ProgramaTest<br>Parameters: Tarea36</td>
<td></td>
<td>0</td>
<td>tudai.testng.test.ProgramaTest@505fc5a4</td></tr>
<tr>
<td title='tudai.testng.test.ProgramaTest.testTareeas()'><b>testTareeas</b><br>Test class: tudai.testng.test.ProgramaTest<br>Parameters: Tarea37</td>
<td></td>
<td>0</td>
<td>tudai.testng.test.ProgramaTest@505fc5a4</td></tr>
<tr>
<td title='tudai.testng.test.ProgramaTest.testUsr()'><b>testUsr</b><br>Test class: tudai.testng.test.ProgramaTest<br>Parameters: Maria</td>
<td></td>
<td>0</td>
<td>tudai.testng.test.ProgramaTest@505fc5a4</td></tr>
<tr>
<td title='tudai.testng.test.ProgramaTest.testUsr()'><b>testUsr</b><br>Test class: tudai.testng.test.ProgramaTest<br>Parameters: Cecilia</td>
<td></td>
<td>0</td>
<td>tudai.testng.test.ProgramaTest@505fc5a4</td></tr>
<tr>
<td title='tudai.testng.test.ProgramaTest.testTareeas()'><b>testTareeas</b><br>Test class: tudai.testng.test.ProgramaTest<br>Parameters: Tarea27</td>
<td></td>
<td>0</td>
<td>tudai.testng.test.ProgramaTest@505fc5a4</td></tr>
<tr>
<td title='tudai.testng.test.ProgramaTest.testUsr()'><b>testUsr</b><br>Test class: tudai.testng.test.ProgramaTest<br>Parameters: Jose</td>
<td></td>
<td>0</td>
<td>tudai.testng.test.ProgramaTest@505fc5a4</td></tr>
<tr>
<td title='tudai.testng.test.ProgramaTest.testTareeas()'><b>testTareeas</b><br>Test class: tudai.testng.test.ProgramaTest<br>Parameters: Tarea9</td>
<td></td>
<td>0</td>
<td>tudai.testng.test.ProgramaTest@505fc5a4</td></tr>
</table><p>
</body>
</html>